<?xml version="1.0" encoding="UTF-8"?>
<robot generator="Robot 7.3.2 (Python 3.13.8 on win32)" generated="2025-10-21T20:17:42.601082" rpa="false" schemaversion="5">
<suite id="s1" name="Login Test" source="C:\Users\IVoitovich\Desktop\Project-Testing\tests\login_test.robot">
<test id="s1-t1" name="Login Test" line="6">
<kw name="Open Demo Blaze" owner="keywords">
<kw name="Open Browser" owner="SeleniumLibrary">
<msg time="2025-10-21T20:17:42.906944" level="WARN">exexcutable_path is being deprecated. Please use service to configure the driver's executable_path as per documentation.</msg>
<msg time="2025-10-21T20:17:42.907305" level="INFO">Opening browser 'chrome' to base url 'https://www.demoblaze.com/'.</msg>
<arg>${url}</arg>
<arg>${BROWSER}</arg>
<arg>executable_path=${CHROMEDRIVER}</arg>
<doc>Opens a new browser instance to the optional ``url``.</doc>
<status status="PASS" start="2025-10-21T20:17:42.906694" elapsed="2.627242"/>
</kw>
<kw name="Maximize Browser Window" owner="SeleniumLibrary">
<doc>Maximizes current browser window.</doc>
<status status="PASS" start="2025-10-21T20:17:45.534221" elapsed="0.032839"/>
</kw>
<kw name="Wait Until Page Contains Element" owner="SeleniumLibrary">
<arg>xpath=//nav</arg>
<arg>10s</arg>
<doc>Waits until the element ``locator`` appears on the current page.</doc>
<status status="PASS" start="2025-10-21T20:17:45.567233" elapsed="0.012449"/>
</kw>
<status status="PASS" start="2025-10-21T20:17:42.906111" elapsed="2.673754"/>
</kw>
<kw name="Click Element" owner="SeleniumLibrary">
<msg time="2025-10-21T20:17:45.580497" level="INFO">Clicking element 'id=login2'.</msg>
<arg>id=login2</arg>
<doc>Click the element identified by ``locator``.</doc>
<status status="PASS" start="2025-10-21T20:17:45.580240" elapsed="0.056017"/>
</kw>
<kw name="Wait Until Element Is Visible" owner="SeleniumLibrary">
<arg>id=loginusername</arg>
<arg>5s</arg>
<doc>Waits until the element ``locator`` is visible.</doc>
<status status="PASS" start="2025-10-21T20:17:45.636570" elapsed="0.324101"/>
</kw>
<kw name="Input Text" owner="SeleniumLibrary">
<msg time="2025-10-21T20:17:45.961241" level="INFO">Typing text 'test_user' into text field 'id=loginusername'.</msg>
<arg>id=loginusername</arg>
<arg>${USERNAME}</arg>
<doc>Types the given ``text`` into the text field identified by ``locator``.</doc>
<status status="PASS" start="2025-10-21T20:17:45.961007" elapsed="0.078665"/>
</kw>
<kw name="Input Text" owner="SeleniumLibrary">
<msg time="2025-10-21T20:17:46.040629" level="INFO">Typing text '12345' into text field 'id=loginpassword'.</msg>
<arg>id=loginpassword</arg>
<arg>${PASSWORD}</arg>
<doc>Types the given ``text`` into the text field identified by ``locator``.</doc>
<status status="PASS" start="2025-10-21T20:17:46.040053" elapsed="0.059292"/>
</kw>
<kw name="Click Button" owner="SeleniumLibrary">
<msg time="2025-10-21T20:17:46.099856" level="INFO">Clicking button 'xpath=//button[text()='Log in']'.</msg>
<arg>xpath=//button[text()='Log in']</arg>
<doc>Clicks the button identified by ``locator``.</doc>
<status status="PASS" start="2025-10-21T20:17:46.099661" elapsed="0.062263"/>
</kw>
<kw name="Sleep" owner="BuiltIn">
<msg time="2025-10-21T20:17:48.163212" level="INFO">Slept 2 seconds.</msg>
<arg>2s</arg>
<doc>Pauses the test executed for the given time.</doc>
<status status="PASS" start="2025-10-21T20:17:46.162271" elapsed="2.001208"/>
</kw>
<kw name="Page Should Contain" owner="SeleniumLibrary">
<msg time="2025-10-21T20:17:48.370106" level="INFO" html="true">&lt;/td&gt;&lt;/tr&gt;&lt;tr&gt;&lt;td colspan="3"&gt;&lt;a href="selenium-screenshot-1.png"&gt;&lt;img src="selenium-screenshot-1.png" width="800px"&gt;&lt;/a&gt;</msg>
<msg time="2025-10-21T20:17:48.370700" level="FAIL">UnexpectedAlertPresentException: Alert Text: Wrong password.
Message: unexpected alert open: {Alert text : Wrong password.}
  (Session info: chrome=141.0.7390.108)
Stacktrace:
	GetHandleVerifier [0x0x7ff68ea2e9e5+80021]
	GetHandleVerifier [0x0x7ff68ea2ea40+80112]
	(No symbol) [0x0x7ff68e7b060f]
	(No symbol) [0x0x7ff68e85a131]
	(No symbol) [0x0x7ff68e831003]
	(No symbol) [0x0x7ff68e7f95d1]
	(No symbol) [0x0x7ff68e7fa3f3]
	GetHandleVerifier [0x0x7ff68ecedd8d+2960445]
	GetHandleVerifier [0x0x7ff68ece804a+2936570]
	GetHandleVerifier [0x0x7ff68ed08a87+3070263]
	GetHandleVerifier [0x0x7ff68ea484ce+185214]
	GetHandleVerifier [0x0x7ff68ea4ff1f+216527]
	GetHandleVerifier [0x0x7ff68ea37c24+117460]
	GetHandleVerifier [0x0x7ff68ea37ddf+117903]
	GetHandleVerifier [0x0x7ff68ea1dcb8+11112]
	BaseThreadInitThunk [0x0x7ff8f7b1e8d7+23]
	RtlUserThreadStart [0x0x7ff8f870c53c+44]
</msg>
<arg>Welcome ${USERNAME}</arg>
<doc>Verifies that current page contains ``text``.</doc>
<status status="FAIL" start="2025-10-21T20:17:48.164428" elapsed="0.210568">UnexpectedAlertPresentException: Alert Text: Wrong password.
Message: unexpected alert open: {Alert text : Wrong password.}
  (Session info: chrome=141.0.7390.108)
Stacktrace:
	GetHandleVerifier [0x0x7ff68ea2e9e5+80021]
	GetHandleVerifier [0x0x7ff68ea2ea40+80112]
	(No symbol) [0x0x7ff68e7b060f]
	(No symbol) [0x0x7ff68e85a131]
	(No symbol) [0x0x7ff68e831003]
	(No symbol) [0x0x7ff68e7f95d1]
	(No symbol) [0x0x7ff68e7fa3f3]
	GetHandleVerifier [0x0x7ff68ecedd8d+2960445]
	GetHandleVerifier [0x0x7ff68ece804a+2936570]
	GetHandleVerifier [0x0x7ff68ed08a87+3070263]
	GetHandleVerifier [0x0x7ff68ea484ce+185214]
	GetHandleVerifier [0x0x7ff68ea4ff1f+216527]
	GetHandleVerifier [0x0x7ff68ea37c24+117460]
	GetHandleVerifier [0x0x7ff68ea37ddf+117903]
	GetHandleVerifier [0x0x7ff68ea1dcb8+11112]
	BaseThreadInitThunk [0x0x7ff8f7b1e8d7+23]
	RtlUserThreadStart [0x0x7ff8f870c53c+44]
</status>
</kw>
<kw name="Close Demo" owner="keywords">
<status status="NOT RUN" start="2025-10-21T20:17:48.375790" elapsed="0.000116"/>
</kw>
<status status="FAIL" start="2025-10-21T20:17:42.905389" elapsed="5.471074">UnexpectedAlertPresentException: Alert Text: Wrong password.
Message: unexpected alert open: {Alert text : Wrong password.}
  (Session info: chrome=141.0.7390.108)
Stacktrace:
	GetHandleVerifier [0x0x7ff68ea2e9e5+80021]
	GetHandleVerifier [0x0x7ff68ea2ea40+80112]
	(No symbol) [0x0x7ff68e7b060f]
	(No symbol) [0x0x7ff68e85a131]
	(No symbol) [0x0x7ff68e831003]
	(No symbol) [0x0x7ff68e7f95d1]
	(No symbol) [0x0x7ff68e7fa3f3]
	GetHandleVerifier [0x0x7ff68ecedd8d+2960445]
	GetHandleVerifier [0x0x7ff68ece804a+2936570]
	GetHandleVerifier [0x0x7ff68ed08a87+3070263]
	GetHandleVerifier [0x0x7ff68ea484ce+185214]
	GetHandleVerifier [0x0x7ff68ea4ff1f+216527]
	GetHandleVerifier [0x0x7ff68ea37c24+117460]
	GetHandleVerifier [0x0x7ff68ea37ddf+117903]
	GetHandleVerifier [0x0x7ff68ea1dcb8+11112]
	BaseThreadInitThunk [0x0x7ff8f7b1e8d7+23]
	RtlUserThreadStart [0x0x7ff8f870c53c+44]
</status>
</test>
<status status="FAIL" start="2025-10-21T20:17:42.602474" elapsed="5.775669"/>
</suite>
<statistics>
<total>
<stat pass="0" fail="1" skip="0">All Tests</stat>
</total>
<tag>
</tag>
<suite>
<stat name="Login Test" id="s1" pass="0" fail="1" skip="0">Login Test</stat>
</suite>
</statistics>
<errors>
<msg time="2025-10-21T20:17:42.906944" level="WARN">exexcutable_path is being deprecated. Please use service to configure the driver's executable_path as per documentation.</msg>
</errors>
</robot>
